#! /c/Source/iverilog-install/bin/vvp
:ivl_version "12.0 (devel)" "(s20150603-1110-g18392a46)";
:ivl_delay_selection "TYPICAL";
:vpi_time_precision + 0;
:vpi_module "C:\iverilog\lib\ivl\system.vpi";
:vpi_module "C:\iverilog\lib\ivl\vhdl_sys.vpi";
:vpi_module "C:\iverilog\lib\ivl\vhdl_textio.vpi";
:vpi_module "C:\iverilog\lib\ivl\v2005_math.vpi";
:vpi_module "C:\iverilog\lib\ivl\va_math.vpi";
:vpi_module "C:\iverilog\lib\ivl\v2009.vpi";
S_0000025aaa8dbce0 .scope package, "$unit" "$unit" 2 1;
 .timescale 0 0;
S_0000025aaaab7fe0 .scope module, "fifotest" "fifotest" 3 1;
 .timescale 0 0;
v0000025aaaab3280_0 .var "clk", 0 0;
v0000025aaaab2f60_0 .net "empty", 0 0, v0000025aaa8db3c0_0;  1 drivers
v0000025aaaab3000_0 .net "full", 0 0, v0000025aaaab8300_0;  1 drivers
v0000025aaaab2d80_0 .var "in", 7 0;
v0000025aaaab3820_0 .net "out", 7 0, L_0000025aaaabc990;  1 drivers
v0000025aaaab3460_0 .var "re", 0 0;
v0000025aaaab2e20_0 .var "rst", 0 0;
v0000025aaaab3780_0 .var "we", 0 0;
S_0000025aaaab8170 .scope module, "fifo" "fifo" 3 5, 4 1 0, S_0000025aaaab7fe0;
 .timescale 0 0;
    .port_info 0 /INPUT 8 "in";
    .port_info 1 /INPUT 1 "we";
    .port_info 2 /OUTPUT 1 "full";
    .port_info 3 /OUTPUT 8 "out";
    .port_info 4 /INPUT 1 "re";
    .port_info 5 /OUTPUT 1 "empty";
    .port_info 6 /INPUT 1 "clk";
    .port_info 7 /INPUT 1 "rst";
L_0000025aaaabc990 .functor BUFZ 8, L_0000025aaaab2ec0, C4<00000000>, C4<00000000>, C4<00000000>;
v0000025aaa8dafc0_0 .net *"_ivl_0", 7 0, L_0000025aaaab2ec0;  1 drivers
v0000025aaaabd1b0_0 .net *"_ivl_2", 4 0, L_0000025aaaab30a0;  1 drivers
L_0000025aaab0d028 .functor BUFT 1, C4<00>, C4<0>, C4<0>, C4<0>;
v0000025aaa8d67c0_0 .net *"_ivl_5", 1 0, L_0000025aaab0d028;  1 drivers
v0000025aaa8dbe70_0 .net "clk", 0 0, v0000025aaaab3280_0;  1 drivers
v0000025aaa8db3c0_0 .var "empty", 0 0;
v0000025aaaab8300_0 .var "full", 0 0;
v0000025aaaab83a0_0 .var "head", 2 0;
v0000025aaaab26f0_0 .var "headi", 2 0;
v0000025aaaab2790_0 .net "in", 7 0, v0000025aaaab2d80_0;  1 drivers
v0000025aaaab2830 .array "mem", 0 7, 7 0;
v0000025aaaab28d0_0 .net "out", 7 0, L_0000025aaaabc990;  alias, 1 drivers
v0000025aaaab2970_0 .net "re", 0 0, v0000025aaaab3460_0;  1 drivers
v0000025aaaab3320_0 .net "rst", 0 0, v0000025aaaab2e20_0;  1 drivers
v0000025aaaab33c0_0 .var "tail", 2 0;
v0000025aaaab38c0_0 .net "we", 0 0, v0000025aaaab3780_0;  1 drivers
E_0000025aaaaa7160 .event anyedge, v0000025aaaab83a0_0, v0000025aaaab33c0_0;
E_0000025aaaaa6d60 .event posedge, v0000025aaa8dbe70_0;
L_0000025aaaab2ec0 .array/port v0000025aaaab2830, L_0000025aaaab30a0;
L_0000025aaaab30a0 .concat [ 3 2 0 0], v0000025aaaab33c0_0, L_0000025aaab0d028;
    .scope S_0000025aaaab8170;
T_0 ;
    %wait E_0000025aaaaa6d60;
    %load/vec4 v0000025aaaab3320_0;
    %flag_set/vec4 8;
    %jmp/0xz  T_0.0, 8;
    %pushi/vec4 0, 0, 3;
    %assign/vec4 v0000025aaaab83a0_0, 0;
    %pushi/vec4 0, 0, 3;
    %assign/vec4 v0000025aaaab33c0_0, 0;
    %jmp T_0.1;
T_0.0 ;
    %load/vec4 v0000025aaaab38c0_0;
    %flag_set/vec4 8;
    %jmp/0xz  T_0.2, 8;
    %load/vec4 v0000025aaaab83a0_0;
    %addi 1, 0, 3;
    %assign/vec4 v0000025aaaab83a0_0, 0;
T_0.2 ;
    %load/vec4 v0000025aaaab2970_0;
    %flag_set/vec4 8;
    %jmp/0xz  T_0.4, 8;
    %load/vec4 v0000025aaaab33c0_0;
    %addi 1, 0, 3;
    %assign/vec4 v0000025aaaab33c0_0, 0;
T_0.4 ;
T_0.1 ;
    %jmp T_0;
    .thread T_0;
    .scope S_0000025aaaab8170;
T_1 ;
    %wait E_0000025aaaaa6d60;
    %load/vec4 v0000025aaaab38c0_0;
    %flag_set/vec4 8;
    %jmp/0xz  T_1.0, 8;
    %load/vec4 v0000025aaaab2790_0;
    %load/vec4 v0000025aaaab83a0_0;
    %pad/u 5;
    %ix/vec4 3;
    %ix/load 4, 0, 0; Constant delay
    %assign/vec4/a/d v0000025aaaab2830, 0, 4;
T_1.0 ;
    %jmp T_1;
    .thread T_1;
    .scope S_0000025aaaab8170;
T_2 ;
Ewait_0 .event/or E_0000025aaaaa7160, E_0x0;
    %wait Ewait_0;
    %pushi/vec4 0, 0, 1;
    %store/vec4 v0000025aaa8db3c0_0, 0, 1;
    %pushi/vec4 0, 0, 1;
    %store/vec4 v0000025aaaab8300_0, 0, 1;
    %load/vec4 v0000025aaaab83a0_0;
    %addi 1, 0, 3;
    %store/vec4 v0000025aaaab26f0_0, 0, 3;
    %load/vec4 v0000025aaaab83a0_0;
    %load/vec4 v0000025aaaab33c0_0;
    %cmp/e;
    %jmp/0xz  T_2.0, 4;
    %pushi/vec4 1, 0, 1;
    %store/vec4 v0000025aaa8db3c0_0, 0, 1;
T_2.0 ;
    %load/vec4 v0000025aaaab83a0_0;
    %load/vec4 v0000025aaaab26f0_0;
    %cmp/e;
    %jmp/0xz  T_2.2, 4;
    %pushi/vec4 1, 0, 1;
    %store/vec4 v0000025aaaab8300_0, 0, 1;
T_2.2 ;
    %jmp T_2;
    .thread T_2, $push;
    .scope S_0000025aaaab7fe0;
T_3 ;
    %delay 5, 0;
    %load/vec4 v0000025aaaab3280_0;
    %inv;
    %store/vec4 v0000025aaaab3280_0, 0, 1;
    %jmp T_3;
    .thread T_3;
    .scope S_0000025aaaab7fe0;
T_4 ;
    %vpi_call/w 3 8 "$dumpfile", "fifo.vcd" {0 0 0};
    %vpi_call/w 3 9 "$dumpvars", 32'sb00000000000000000000000000000000, S_0000025aaaab7fe0 {0 0 0};
    %pushi/vec4 1, 0, 1;
    %store/vec4 v0000025aaaab2e20_0, 0, 1;
    %pushi/vec4 0, 0, 1;
    %store/vec4 v0000025aaaab3280_0, 0, 1;
    %pushi/vec4 0, 0, 1;
    %store/vec4 v0000025aaaab3780_0, 0, 1;
    %pushi/vec4 0, 0, 1;
    %store/vec4 v0000025aaaab3460_0, 0, 1;
    %pushi/vec4 5, 0, 8;
    %store/vec4 v0000025aaaab2d80_0, 0, 8;
    %delay 30, 0;
    %pushi/vec4 0, 0, 1;
    %store/vec4 v0000025aaaab2e20_0, 0, 1;
    %pushi/vec4 1, 0, 1;
    %store/vec4 v0000025aaaab3780_0, 0, 1;
    %delay 10, 0;
    %pushi/vec4 6, 0, 8;
    %store/vec4 v0000025aaaab2d80_0, 0, 8;
    %delay 10, 0;
    %pushi/vec4 7, 0, 8;
    %store/vec4 v0000025aaaab2d80_0, 0, 8;
    %delay 10, 0;
    %pushi/vec4 0, 0, 1;
    %store/vec4 v0000025aaaab3780_0, 0, 1;
    %delay 10, 0;
    %pushi/vec4 1, 0, 1;
    %store/vec4 v0000025aaaab3460_0, 0, 1;
    %delay 10, 0;
    %pushi/vec4 0, 0, 1;
    %store/vec4 v0000025aaaab3460_0, 0, 1;
    %pushi/vec4 1, 0, 1;
    %store/vec4 v0000025aaaab3780_0, 0, 1;
    %pushi/vec4 8, 0, 8;
    %store/vec4 v0000025aaaab2d80_0, 0, 8;
    %delay 10, 0;
    %pushi/vec4 9, 0, 8;
    %store/vec4 v0000025aaaab2d80_0, 0, 8;
    %delay 10, 0;
    %pushi/vec4 10, 0, 8;
    %store/vec4 v0000025aaaab2d80_0, 0, 8;
    %delay 10, 0;
    %pushi/vec4 11, 0, 8;
    %store/vec4 v0000025aaaab2d80_0, 0, 8;
    %delay 10, 0;
    %pushi/vec4 12, 0, 8;
    %store/vec4 v0000025aaaab2d80_0, 0, 8;
    %delay 10, 0;
    %pushi/vec4 13, 0, 8;
    %store/vec4 v0000025aaaab2d80_0, 0, 8;
    %delay 10, 0;
    %pushi/vec4 14, 0, 8;
    %store/vec4 v0000025aaaab2d80_0, 0, 8;
    %delay 10, 0;
    %pushi/vec4 15, 0, 8;
    %store/vec4 v0000025aaaab2d80_0, 0, 8;
    %delay 10, 0;
    %pushi/vec4 16, 0, 8;
    %store/vec4 v0000025aaaab2d80_0, 0, 8;
    %delay 50, 0;
    %vpi_call/w 3 47 "$finish" {0 0 0};
    %end;
    .thread T_4;
# The file index is used to find the file name in the following table.
:file_names 5;
    "N/A";
    "<interactive>";
    "-";
    "fifotest.v";
    "fifo.v";
