#! /c/iverilog/bin/vvp
:ivl_version "12.0 (devel)" "(s20150603-965-g55e06db6)";
:ivl_delay_selection "TYPICAL";
:vpi_time_precision + 0;
:vpi_module "C:\iverilog\lib\ivl\system.vpi";
:vpi_module "C:\iverilog\lib\ivl\vhdl_sys.vpi";
:vpi_module "C:\iverilog\lib\ivl\vhdl_textio.vpi";
:vpi_module "C:\iverilog\lib\ivl\v2005_math.vpi";
:vpi_module "C:\iverilog\lib\ivl\va_math.vpi";
:vpi_module "C:\iverilog\lib\ivl\v2009.vpi";
S_00000000011c5540 .scope package, "$unit" "$unit" 2 1;
 .timescale 0 0;
S_00000000011c56d0 .scope module, "test" "test" 3 1;
 .timescale 0 0;
v000000000129be70_0 .var "clk", 0 0;
v00000000011c2170_0 .var "d", 0 0;
v00000000011c2210_0 .net "q", 0 0, v000000000129bdd0_0;  1 drivers
S_00000000011c5860 .scope module, "ff0" "ff" 3 3, 4 1 0, S_00000000011c56d0;
 .timescale 0 0;
    .port_info 0 /INPUT 1 "d";
    .port_info 1 /OUTPUT 1 "q";
    .port_info 2 /INPUT 1 "clk";
v0000000001192b30_0 .net "clk", 0 0, v000000000129be70_0;  1 drivers
v000000000129bd30_0 .net "d", 0 0, v00000000011c2170_0;  1 drivers
v000000000129bdd0_0 .var "q", 0 0;
E_000000000129c840 .event posedge, v0000000001192b30_0;
    .scope S_00000000011c5860;
T_0 ;
    %wait E_000000000129c840;
    %load/vec4 v000000000129bd30_0;
    %assign/vec4 v000000000129bdd0_0, 0;
    %jmp T_0;
    .thread T_0;
    .scope S_00000000011c56d0;
T_1 ;
    %delay 5, 0;
    %load/vec4 v000000000129be70_0;
    %inv;
    %store/vec4 v000000000129be70_0, 0, 1;
    %jmp T_1;
    .thread T_1;
    .scope S_00000000011c56d0;
T_2 ;
    %vpi_call/w 3 7 "$dumpfile", "test.vcd" {0 0 0};
    %vpi_call/w 3 8 "$dumpvars", 32'sb00000000000000000000000000000000, S_00000000011c56d0 {0 0 0};
    %pushi/vec4 0, 0, 1;
    %store/vec4 v000000000129be70_0, 0, 1;
    %pushi/vec4 1, 0, 1;
    %store/vec4 v00000000011c2170_0, 0, 1;
    %delay 20, 0;
    %pushi/vec4 0, 0, 1;
    %store/vec4 v00000000011c2170_0, 0, 1;
    %delay 13, 0;
    %pushi/vec4 1, 0, 1;
    %store/vec4 v00000000011c2170_0, 0, 1;
    %delay 20, 0;
    %vpi_call/w 3 16 "$finish" {0 0 0};
    %end;
    .thread T_2;
# The file index is used to find the file name in the following table.
:file_names 5;
    "N/A";
    "<interactive>";
    "-";
    "test.v";
    "ff.v";
