#! /c/Source/iverilog-install/bin/vvp
:ivl_version "12.0 (devel)" "(s20150603-1110-g18392a46)";
:ivl_delay_selection "TYPICAL";
:vpi_time_precision + 0;
:vpi_module "C:\iverilog\lib\ivl\system.vpi";
:vpi_module "C:\iverilog\lib\ivl\vhdl_sys.vpi";
:vpi_module "C:\iverilog\lib\ivl\vhdl_textio.vpi";
:vpi_module "C:\iverilog\lib\ivl\v2005_math.vpi";
:vpi_module "C:\iverilog\lib\ivl\va_math.vpi";
:vpi_module "C:\iverilog\lib\ivl\v2009.vpi";
S_00000173c8916770 .scope package, "$unit" "$unit" 2 1;
 .timescale 0 0;
S_00000173c8916900 .scope module, "test" "test" 3 13;
 .timescale 0 0;
v00000173c8911710_0 .var "clk", 0 0;
v00000173c89117b0_0 .var "ra", 1 0;
v00000173c8911850_0 .net "rd", 7 0, L_00000173c8908420;  1 drivers
v00000173c8911da0_0 .var "wa", 1 0;
v00000173c8912840_0 .var "wd", 7 0;
v00000173c8912700_0 .var "we", 0 0;
S_00000173c8916a90 .scope module, "mem" "mem" 3 18, 3 1 0, S_00000173c8916900;
 .timescale 0 0;
    .port_info 0 /INPUT 2 "ra";
    .port_info 1 /INPUT 2 "wa";
    .port_info 2 /INPUT 8 "wd";
    .port_info 3 /OUTPUT 8 "rd";
    .port_info 4 /INPUT 1 "we";
    .port_info 5 /INPUT 1 "clk";
L_00000173c8908420 .functor BUFZ 8, L_00000173c89127a0, C4<00000000>, C4<00000000>, C4<00000000>;
v00000173c8908380_0 .net *"_ivl_0", 7 0, L_00000173c89127a0;  1 drivers
v00000173c8a467c0_0 .net *"_ivl_2", 3 0, L_00000173c8911e40;  1 drivers
L_00000173c895ff78 .functor BUFT 1, C4<00>, C4<0>, C4<0>, C4<0>;
v00000173c895f840_0 .net *"_ivl_5", 1 0, L_00000173c895ff78;  1 drivers
v00000173c895f8e0_0 .net "clk", 0 0, v00000173c8911710_0;  1 drivers
v00000173c895f980 .array "mem", 0 3, 7 0;
v00000173c895fa20_0 .net "ra", 1 0, v00000173c89117b0_0;  1 drivers
v00000173c895fac0_0 .net "rd", 7 0, L_00000173c8908420;  alias, 1 drivers
v00000173c8911530_0 .net "wa", 1 0, v00000173c8911da0_0;  1 drivers
v00000173c89115d0_0 .net "wd", 7 0, v00000173c8912840_0;  1 drivers
v00000173c8911670_0 .net "we", 0 0, v00000173c8912700_0;  1 drivers
E_00000173c8a498d0 .event posedge, v00000173c895f8e0_0;
L_00000173c89127a0 .array/port v00000173c895f980, L_00000173c8911e40;
L_00000173c8911e40 .concat [ 2 2 0 0], v00000173c89117b0_0, L_00000173c895ff78;
    .scope S_00000173c8916a90;
T_0 ;
    %wait E_00000173c8a498d0;
    %load/vec4 v00000173c8911670_0;
    %flag_set/vec4 8;
    %jmp/0xz  T_0.0, 8;
    %load/vec4 v00000173c89115d0_0;
    %load/vec4 v00000173c8911530_0;
    %pad/u 4;
    %ix/vec4 3;
    %ix/load 4, 0, 0; Constant delay
    %assign/vec4/a/d v00000173c895f980, 0, 4;
T_0.0 ;
    %jmp T_0;
    .thread T_0;
    .scope S_00000173c8916900;
T_1 ;
    %delay 10, 0;
    %load/vec4 v00000173c8911710_0;
    %inv;
    %store/vec4 v00000173c8911710_0, 0, 1;
    %jmp T_1;
    .thread T_1;
    .scope S_00000173c8916900;
T_2 ;
    %vpi_call/w 3 20 "$dumpfile", "mem.vcd" {0 0 0};
    %vpi_call/w 3 21 "$dumpvars", 32'sb00000000000000000000000000000000, S_00000173c8916900 {0 0 0};
    %pushi/vec4 0, 0, 1;
    %store/vec4 v00000173c8911710_0, 0, 1;
    %pushi/vec4 0, 0, 2;
    %store/vec4 v00000173c89117b0_0, 0, 2;
    %pushi/vec4 0, 0, 1;
    %store/vec4 v00000173c8912700_0, 0, 1;
    %pushi/vec4 0, 0, 2;
    %store/vec4 v00000173c8911da0_0, 0, 2;
    %pushi/vec4 111, 0, 8;
    %store/vec4 v00000173c8912840_0, 0, 8;
    %delay 50, 0;
    %pushi/vec4 1, 0, 1;
    %store/vec4 v00000173c8912700_0, 0, 1;
    %delay 20, 0;
    %vpi_call/w 3 30 "$finish" {0 0 0};
    %end;
    .thread T_2;
# The file index is used to find the file name in the following table.
:file_names 4;
    "N/A";
    "<interactive>";
    "-";
    "mem.v";
