#! /c/Source/iverilog-install/bin/vvp
:ivl_version "12.0 (devel)" "(s20150603-1110-g18392a46)";
:ivl_delay_selection "TYPICAL";
:vpi_time_precision + 0;
:vpi_module "C:\iverilog\lib\ivl\system.vpi";
:vpi_module "C:\iverilog\lib\ivl\vhdl_sys.vpi";
:vpi_module "C:\iverilog\lib\ivl\vhdl_textio.vpi";
:vpi_module "C:\iverilog\lib\ivl\v2005_math.vpi";
:vpi_module "C:\iverilog\lib\ivl\va_math.vpi";
:vpi_module "C:\iverilog\lib\ivl\v2009.vpi";
S_000002c36003ac30 .scope package, "$unit" "$unit" 2 1;
 .timescale 0 0;
S_000002c36003adc0 .scope module, "test" "test" 3 1;
 .timescale 0 0;
v000002c35ff04040_0 .var "a", 0 0;
v000002c35ff040e0_0 .var "b", 0 0;
v000002c35ff04180_0 .var "clk", 0 0;
v000002c35ff04220_0 .var "rst", 0 0;
v000002c35ff042c0_0 .net "s", 1 0, v000002c36003d3b0_0;  1 drivers
S_000002c36003cfa0 .scope module, "state" "state" 3 5, 4 1 0, S_000002c36003adc0;
 .timescale 0 0;
    .port_info 0 /INPUT 1 "a";
    .port_info 1 /INPUT 1 "b";
    .port_info 2 /OUTPUT 2 "s";
    .port_info 3 /INPUT 1 "clk";
    .port_info 4 /INPUT 1 "rst";
v000002c36003d130_0 .net "a", 0 0, v000002c35ff04040_0;  1 drivers
v000002c35fed2ee0_0 .net "b", 0 0, v000002c35ff040e0_0;  1 drivers
v000002c36003d1d0_0 .net "clk", 0 0, v000002c35ff04180_0;  1 drivers
v000002c36003d270_0 .var "ns", 1 0;
v000002c36003d310_0 .net "rst", 0 0, v000002c35ff04220_0;  1 drivers
v000002c36003d3b0_0 .var "s", 1 0;
E_000002c35ff09c20 .event anyedge, v000002c36003d3b0_0, v000002c36003d130_0, v000002c35fed2ee0_0;
E_000002c35ff09ce0 .event posedge, v000002c36003d1d0_0;
    .scope S_000002c36003cfa0;
T_0 ;
    %wait E_000002c35ff09ce0;
    %load/vec4 v000002c36003d310_0;
    %flag_set/vec4 8;
    %jmp/0xz  T_0.0, 8;
    %pushi/vec4 0, 0, 2;
    %assign/vec4 v000002c36003d3b0_0, 0;
    %jmp T_0.1;
T_0.0 ;
    %load/vec4 v000002c36003d270_0;
    %assign/vec4 v000002c36003d3b0_0, 0;
T_0.1 ;
    %jmp T_0;
    .thread T_0;
    .scope S_000002c36003cfa0;
T_1 ;
Ewait_0 .event/or E_000002c35ff09c20, E_0x0;
    %wait Ewait_0;
    %load/vec4 v000002c36003d3b0_0;
    %store/vec4 v000002c36003d270_0, 0, 2;
    %load/vec4 v000002c36003d130_0;
    %load/vec4 v000002c35fed2ee0_0;
    %concat/vec4; draw_concat_vec4
    %cmpi/e 0, 0, 2;
    %flag_mov 8, 4;
    %load/vec4 v000002c36003d130_0;
    %load/vec4 v000002c35fed2ee0_0;
    %concat/vec4; draw_concat_vec4
    %cmpi/e 3, 0, 2;
    %flag_or 4, 8;
    %jmp/0xz  T_1.0, 4;
    %load/vec4 v000002c36003d3b0_0;
    %store/vec4 v000002c36003d270_0, 0, 2;
    %jmp T_1.1;
T_1.0 ;
    %load/vec4 v000002c36003d3b0_0;
    %dup/vec4;
    %pushi/vec4 0, 0, 2;
    %cmp/u;
    %jmp/1 T_1.2, 6;
    %dup/vec4;
    %pushi/vec4 1, 0, 2;
    %cmp/u;
    %jmp/1 T_1.3, 6;
    %dup/vec4;
    %pushi/vec4 3, 0, 2;
    %cmp/u;
    %jmp/1 T_1.4, 6;
    %jmp T_1.5;
T_1.2 ;
    %load/vec4 v000002c36003d130_0;
    %flag_set/vec4 8;
    %jmp/0xz  T_1.6, 8;
    %pushi/vec4 1, 0, 2;
    %store/vec4 v000002c36003d270_0, 0, 2;
T_1.6 ;
    %jmp T_1.5;
T_1.3 ;
    %load/vec4 v000002c36003d130_0;
    %flag_set/vec4 8;
    %jmp/0xz  T_1.8, 8;
    %pushi/vec4 3, 0, 2;
    %store/vec4 v000002c36003d270_0, 0, 2;
T_1.8 ;
    %load/vec4 v000002c35fed2ee0_0;
    %flag_set/vec4 8;
    %jmp/0xz  T_1.10, 8;
    %pushi/vec4 0, 0, 2;
    %store/vec4 v000002c36003d270_0, 0, 2;
T_1.10 ;
    %jmp T_1.5;
T_1.4 ;
    %load/vec4 v000002c35fed2ee0_0;
    %flag_set/vec4 8;
    %jmp/0xz  T_1.12, 8;
    %pushi/vec4 1, 0, 2;
    %store/vec4 v000002c36003d270_0, 0, 2;
T_1.12 ;
    %jmp T_1.5;
T_1.5 ;
    %pop/vec4 1;
T_1.1 ;
    %jmp T_1;
    .thread T_1, $push;
    .scope S_000002c36003adc0;
T_2 ;
    %delay 5, 0;
    %load/vec4 v000002c35ff04180_0;
    %inv;
    %store/vec4 v000002c35ff04180_0, 0, 1;
    %jmp T_2;
    .thread T_2;
    .scope S_000002c36003adc0;
T_3 ;
    %vpi_call/w 3 8 "$dumpfile", "state.vcd" {0 0 0};
    %vpi_call/w 3 9 "$dumpvars", 32'sb00000000000000000000000000000000, S_000002c36003adc0 {0 0 0};
    %pushi/vec4 0, 0, 1;
    %store/vec4 v000002c35ff04180_0, 0, 1;
    %pushi/vec4 1, 0, 1;
    %store/vec4 v000002c35ff04220_0, 0, 1;
    %delay 20, 0;
    %pushi/vec4 0, 0, 1;
    %store/vec4 v000002c35ff04220_0, 0, 1;
    %pushi/vec4 0, 0, 1;
    %store/vec4 v000002c35ff04040_0, 0, 1;
    %pushi/vec4 0, 0, 1;
    %store/vec4 v000002c35ff040e0_0, 0, 1;
    %delay 10, 0;
    %pushi/vec4 1, 0, 1;
    %store/vec4 v000002c35ff04040_0, 0, 1;
    %delay 50, 0;
    %pushi/vec4 1, 0, 1;
    %store/vec4 v000002c35ff040e0_0, 0, 1;
    %delay 50, 0;
    %vpi_call/w 3 21 "$finish" {0 0 0};
    %end;
    .thread T_3;
# The file index is used to find the file name in the following table.
:file_names 5;
    "N/A";
    "<interactive>";
    "-";
    "test.v";
    "state.v";
