#! /c/Source/iverilog-install/bin/vvp
:ivl_version "12.0 (devel)" "(s20150603-1110-g18392a46)";
:ivl_delay_selection "TYPICAL";
:vpi_time_precision + 0;
:vpi_module "C:\iverilog\lib\ivl\system.vpi";
:vpi_module "C:\iverilog\lib\ivl\vhdl_sys.vpi";
:vpi_module "C:\iverilog\lib\ivl\vhdl_textio.vpi";
:vpi_module "C:\iverilog\lib\ivl\v2005_math.vpi";
:vpi_module "C:\iverilog\lib\ivl\va_math.vpi";
:vpi_module "C:\iverilog\lib\ivl\v2009.vpi";
S_000001434ce27fb0 .scope package, "$unit" "$unit" 2 1;
 .timescale 0 0;
S_000001434ce28140 .scope module, "test" "test" 3 1;
 .timescale 0 0;
v000001434ce77b70_0 .var "a", 0 0;
v000001434ce77c10_0 .var "b", 0 0;
v000001434ce77cb0_0 .var "clk", 0 0;
v000001434ce77d50_0 .net "floor", 1 0, v000001434ce778f0_0;  1 drivers
v000001434ce77df0_0 .var "rst", 0 0;
S_000001434ce282d0 .scope module, "state" "state" 3 5, 4 1 0, S_000001434ce28140;
 .timescale 0 0;
    .port_info 0 /INPUT 1 "a";
    .port_info 1 /INPUT 1 "b";
    .port_info 2 /OUTPUT 2 "floor";
    .port_info 3 /INPUT 1 "clk";
    .port_info 4 /INPUT 1 "rst";
v000001434ce154e0_0 .net "a", 0 0, v000001434ce77b70_0;  1 drivers
v000001434cdf2ee0_0 .net "b", 0 0, v000001434ce77c10_0;  1 drivers
v000001434ce77850_0 .net "clk", 0 0, v000001434ce77cb0_0;  1 drivers
v000001434ce778f0_0 .var "floor", 1 0;
v000001434ce77990_0 .var "ns", 2 0;
v000001434ce77a30_0 .net "rst", 0 0, v000001434ce77df0_0;  1 drivers
v000001434ce77ad0_0 .var "s", 2 0;
E_000001434cc09d20/0 .event anyedge, v000001434ce154e0_0, v000001434cdf2ee0_0, v000001434ce77ad0_0, v000001434ce77ad0_0;
E_000001434cc09d20/1 .event anyedge, v000001434ce77ad0_0;
E_000001434cc09d20 .event/or E_000001434cc09d20/0, E_000001434cc09d20/1;
E_000001434cc096e0 .event posedge, v000001434ce77850_0;
    .scope S_000001434ce282d0;
T_0 ;
    %wait E_000001434cc096e0;
    %load/vec4 v000001434ce77a30_0;
    %flag_set/vec4 8;
    %jmp/0xz  T_0.0, 8;
    %pushi/vec4 1, 0, 3;
    %assign/vec4 v000001434ce77ad0_0, 0;
    %jmp T_0.1;
T_0.0 ;
    %load/vec4 v000001434ce77990_0;
    %assign/vec4 v000001434ce77ad0_0, 0;
T_0.1 ;
    %jmp T_0;
    .thread T_0;
    .scope S_000001434ce282d0;
T_1 ;
Ewait_0 .event/or E_000001434cc09d20, E_0x0;
    %wait Ewait_0;
    %pushi/vec4 1, 0, 32;
    %dup/vec4;
    %load/vec4 v000001434ce77ad0_0;
    %parti/s 1, 0, 2;
    %pad/u 32;
    %cmp/u;
    %jmp/1 T_1.0, 6;
    %dup/vec4;
    %load/vec4 v000001434ce77ad0_0;
    %parti/s 1, 1, 2;
    %pad/u 32;
    %cmp/u;
    %jmp/1 T_1.1, 6;
    %dup/vec4;
    %load/vec4 v000001434ce77ad0_0;
    %parti/s 1, 2, 3;
    %pad/u 32;
    %cmp/u;
    %jmp/1 T_1.2, 6;
    %jmp T_1.3;
T_1.0 ;
    %pushi/vec4 1, 0, 2;
    %store/vec4 v000001434ce778f0_0, 0, 2;
    %load/vec4 v000001434ce154e0_0;
    %load/vec4 v000001434cdf2ee0_0;
    %concat/vec4; draw_concat_vec4
    %dup/vec4;
    %pushi/vec4 0, 0, 2;
    %cmp/u;
    %jmp/1 T_1.4, 6;
    %dup/vec4;
    %pushi/vec4 1, 0, 2;
    %cmp/u;
    %jmp/1 T_1.5, 6;
    %dup/vec4;
    %pushi/vec4 2, 0, 2;
    %cmp/u;
    %jmp/1 T_1.6, 6;
    %dup/vec4;
    %pushi/vec4 3, 0, 2;
    %cmp/u;
    %jmp/1 T_1.7, 6;
    %jmp T_1.8;
T_1.4 ;
    %pushi/vec4 1, 0, 3;
    %store/vec4 v000001434ce77990_0, 0, 3;
    %jmp T_1.8;
T_1.5 ;
    %pushi/vec4 1, 0, 3;
    %store/vec4 v000001434ce77990_0, 0, 3;
    %jmp T_1.8;
T_1.6 ;
    %pushi/vec4 2, 0, 3;
    %store/vec4 v000001434ce77990_0, 0, 3;
    %jmp T_1.8;
T_1.7 ;
    %pushi/vec4 1, 0, 3;
    %store/vec4 v000001434ce77990_0, 0, 3;
    %jmp T_1.8;
T_1.8 ;
    %pop/vec4 1;
    %jmp T_1.3;
T_1.1 ;
    %pushi/vec4 2, 0, 2;
    %store/vec4 v000001434ce778f0_0, 0, 2;
    %load/vec4 v000001434ce154e0_0;
    %load/vec4 v000001434cdf2ee0_0;
    %concat/vec4; draw_concat_vec4
    %dup/vec4;
    %pushi/vec4 0, 0, 2;
    %cmp/u;
    %jmp/1 T_1.9, 6;
    %dup/vec4;
    %pushi/vec4 1, 0, 2;
    %cmp/u;
    %jmp/1 T_1.10, 6;
    %dup/vec4;
    %pushi/vec4 2, 0, 2;
    %cmp/u;
    %jmp/1 T_1.11, 6;
    %dup/vec4;
    %pushi/vec4 3, 0, 2;
    %cmp/u;
    %jmp/1 T_1.12, 6;
    %jmp T_1.13;
T_1.9 ;
    %pushi/vec4 2, 0, 3;
    %store/vec4 v000001434ce77990_0, 0, 3;
    %jmp T_1.13;
T_1.10 ;
    %pushi/vec4 1, 0, 3;
    %store/vec4 v000001434ce77990_0, 0, 3;
    %jmp T_1.13;
T_1.11 ;
    %pushi/vec4 4, 0, 3;
    %store/vec4 v000001434ce77990_0, 0, 3;
    %jmp T_1.13;
T_1.12 ;
    %pushi/vec4 2, 0, 3;
    %store/vec4 v000001434ce77990_0, 0, 3;
    %jmp T_1.13;
T_1.13 ;
    %pop/vec4 1;
    %jmp T_1.3;
T_1.2 ;
    %pushi/vec4 3, 0, 2;
    %store/vec4 v000001434ce778f0_0, 0, 2;
    %load/vec4 v000001434ce154e0_0;
    %load/vec4 v000001434cdf2ee0_0;
    %concat/vec4; draw_concat_vec4
    %dup/vec4;
    %pushi/vec4 0, 0, 2;
    %cmp/u;
    %jmp/1 T_1.14, 6;
    %dup/vec4;
    %pushi/vec4 1, 0, 2;
    %cmp/u;
    %jmp/1 T_1.15, 6;
    %dup/vec4;
    %pushi/vec4 2, 0, 2;
    %cmp/u;
    %jmp/1 T_1.16, 6;
    %dup/vec4;
    %pushi/vec4 3, 0, 2;
    %cmp/u;
    %jmp/1 T_1.17, 6;
    %jmp T_1.18;
T_1.14 ;
    %pushi/vec4 4, 0, 3;
    %store/vec4 v000001434ce77990_0, 0, 3;
    %jmp T_1.18;
T_1.15 ;
    %pushi/vec4 2, 0, 3;
    %store/vec4 v000001434ce77990_0, 0, 3;
    %jmp T_1.18;
T_1.16 ;
    %pushi/vec4 4, 0, 3;
    %store/vec4 v000001434ce77990_0, 0, 3;
    %jmp T_1.18;
T_1.17 ;
    %pushi/vec4 4, 0, 3;
    %store/vec4 v000001434ce77990_0, 0, 3;
    %jmp T_1.18;
T_1.18 ;
    %pop/vec4 1;
    %jmp T_1.3;
T_1.3 ;
    %pop/vec4 1;
    %jmp T_1;
    .thread T_1, $push;
    .scope S_000001434ce28140;
T_2 ;
    %delay 5, 0;
    %load/vec4 v000001434ce77cb0_0;
    %inv;
    %store/vec4 v000001434ce77cb0_0, 0, 1;
    %jmp T_2;
    .thread T_2;
    .scope S_000001434ce28140;
T_3 ;
    %vpi_call/w 3 8 "$dumpfile", "state.vcd" {0 0 0};
    %vpi_call/w 3 9 "$dumpvars", 32'sb00000000000000000000000000000000, S_000001434ce28140 {0 0 0};
    %pushi/vec4 0, 0, 1;
    %store/vec4 v000001434ce77cb0_0, 0, 1;
    %pushi/vec4 1, 0, 1;
    %store/vec4 v000001434ce77df0_0, 0, 1;
    %pushi/vec4 0, 0, 1;
    %store/vec4 v000001434ce77b70_0, 0, 1;
    %pushi/vec4 0, 0, 1;
    %store/vec4 v000001434ce77c10_0, 0, 1;
    %delay 20, 0;
    %pushi/vec4 0, 0, 1;
    %store/vec4 v000001434ce77df0_0, 0, 1;
    %delay 10, 0;
    %pushi/vec4 1, 0, 1;
    %store/vec4 v000001434ce77b70_0, 0, 1;
    %delay 50, 0;
    %pushi/vec4 1, 0, 1;
    %store/vec4 v000001434ce77c10_0, 0, 1;
    %delay 50, 0;
    %vpi_call/w 3 21 "$finish" {0 0 0};
    %end;
    .thread T_3;
# The file index is used to find the file name in the following table.
:file_names 5;
    "N/A";
    "<interactive>";
    "-";
    "test.v";
    "state-oh.v";
