#! /c/Source/iverilog-install/bin/vvp
:ivl_version "12.0 (devel)" "(s20150603-1110-g18392a46)";
:ivl_delay_selection "TYPICAL";
:vpi_time_precision + 0;
:vpi_module "C:\iverilog\lib\ivl\system.vpi";
:vpi_module "C:\iverilog\lib\ivl\vhdl_sys.vpi";
:vpi_module "C:\iverilog\lib\ivl\vhdl_textio.vpi";
:vpi_module "C:\iverilog\lib\ivl\v2005_math.vpi";
:vpi_module "C:\iverilog\lib\ivl\va_math.vpi";
S_0000013defce2b80 .scope module, "test" "test" 2 12;
 .timescale 0 0;
v0000013defccc400_0 .var "clk", 0 0;
v0000013defce2ea0_0 .net "count", 3 0, v0000013defccbbd0_0;  1 drivers
v0000013defce2f40_0 .var "rst", 0 0;
v0000013defd141e0_0 .var "ud", 0 0;
S_0000013defce2d10 .scope module, "updown_counter" "updown_counter" 2 15, 2 1 0, S_0000013defce2b80;
 .timescale 0 0;
    .port_info 0 /INPUT 1 "ud";
    .port_info 1 /OUTPUT 4 "count";
    .port_info 2 /INPUT 1 "clk";
    .port_info 3 /INPUT 1 "rst";
v0000013defce3230_0 .net "clk", 0 0, v0000013defccc400_0;  1 drivers
v0000013defccbbd0_0 .var "count", 3 0;
v0000013defccbc70_0 .net "rst", 0 0, v0000013defce2f40_0;  1 drivers
v0000013defccc360_0 .net "ud", 0 0, v0000013defd141e0_0;  1 drivers
E_0000013defccd420 .event posedge, v0000013defce3230_0;
    .scope S_0000013defce2d10;
T_0 ;
    %wait E_0000013defccd420;
    %load/vec4 v0000013defccbc70_0;
    %flag_set/vec4 8;
    %jmp/0xz  T_0.0, 8;
    %pushi/vec4 0, 0, 4;
    %assign/vec4 v0000013defccbbd0_0, 0;
    %jmp T_0.1;
T_0.0 ;
    %load/vec4 v0000013defccc360_0;
    %flag_set/vec4 8;
    %jmp/0xz  T_0.2, 8;
    %load/vec4 v0000013defccbbd0_0;
    %pad/u 32;
    %cmpi/ne 7, 0, 32;
    %jmp/0xz  T_0.4, 4;
    %load/vec4 v0000013defccbbd0_0;
    %addi 1, 0, 4;
    %assign/vec4 v0000013defccbbd0_0, 0;
T_0.4 ;
    %jmp T_0.3;
T_0.2 ;
    %load/vec4 v0000013defccbbd0_0;
    %pad/u 32;
    %cmpi/ne 0, 0, 32;
    %jmp/0xz  T_0.6, 4;
    %load/vec4 v0000013defccbbd0_0;
    %subi 1, 0, 4;
    %assign/vec4 v0000013defccbbd0_0, 0;
T_0.6 ;
T_0.3 ;
T_0.1 ;
    %jmp T_0;
    .thread T_0;
    .scope S_0000013defce2b80;
T_1 ;
    %delay 5, 0;
    %load/vec4 v0000013defccc400_0;
    %inv;
    %store/vec4 v0000013defccc400_0, 0, 1;
    %jmp T_1;
    .thread T_1;
    .scope S_0000013defce2b80;
T_2 ;
    %vpi_call 2 18 "$dumpfile", "updown_counter.vcd" {0 0 0};
    %vpi_call 2 19 "$dumpvars", 32'sb00000000000000000000000000000000, S_0000013defce2b80 {0 0 0};
    %pushi/vec4 0, 0, 1;
    %store/vec4 v0000013defccc400_0, 0, 1;
    %pushi/vec4 1, 0, 1;
    %store/vec4 v0000013defce2f40_0, 0, 1;
    %pushi/vec4 1, 0, 1;
    %store/vec4 v0000013defd141e0_0, 0, 1;
    %delay 20, 0;
    %pushi/vec4 0, 0, 1;
    %store/vec4 v0000013defce2f40_0, 0, 1;
    %delay 120, 0;
    %pushi/vec4 0, 0, 1;
    %store/vec4 v0000013defd141e0_0, 0, 1;
    %delay 120, 0;
    %vpi_call 2 28 "$finish" {0 0 0};
    %end;
    .thread T_2;
# The file index is used to find the file name in the following table.
:file_names 3;
    "N/A";
    "<interactive>";
    "updown_counter.v";
