#! /c/Source/iverilog-install/bin/vvp
:ivl_version "12.0 (devel)" "(s20150603-1110-g18392a46)";
:ivl_delay_selection "TYPICAL";
:vpi_time_precision + 0;
:vpi_module "C:\iverilog\lib\ivl\system.vpi";
:vpi_module "C:\iverilog\lib\ivl\vhdl_sys.vpi";
:vpi_module "C:\iverilog\lib\ivl\vhdl_textio.vpi";
:vpi_module "C:\iverilog\lib\ivl\v2005_math.vpi";
:vpi_module "C:\iverilog\lib\ivl\va_math.vpi";
:vpi_module "C:\iverilog\lib\ivl\v2009.vpi";
S_00000288ef0dbdc0 .scope package, "$unit" "$unit" 2 1;
 .timescale 0 0;
S_00000288ef1252f0 .scope module, "test" "test" 3 9;
 .timescale 0 0;
v00000288ef0d6460_0 .var "ia", 0 0;
v00000288ef0d6500_0 .var "ib", 0 0;
v00000288ef0d65a0_0 .net "out", 0 0, v00000288ef1256b0_0;  1 drivers
v00000288ef0d6640_0 .var "sel", 0 0;
S_00000288ef125480 .scope module, "sel1" "sel" 3 11, 3 1 0, S_00000288ef1252f0;
 .timescale 0 0;
    .port_info 0 /INPUT 1 "ia";
    .port_info 1 /INPUT 1 "ib";
    .port_info 2 /INPUT 1 "sel";
    .port_info 3 /OUTPUT 1 "out";
v00000288ef0daac0_0 .net "ia", 0 0, v00000288ef0d6460_0;  1 drivers
v00000288ef125610_0 .net "ib", 0 0, v00000288ef0d6500_0;  1 drivers
v00000288ef1256b0_0 .var "out", 0 0;
v00000288ef0d63c0_0 .net "sel", 0 0, v00000288ef0d6640_0;  1 drivers
E_00000288ef0dcb30 .event anyedge, v00000288ef0d63c0_0, v00000288ef0daac0_0, v00000288ef125610_0;
    .scope S_00000288ef125480;
T_0 ;
Ewait_0 .event/or E_00000288ef0dcb30, E_0x0;
    %wait Ewait_0;
    %load/vec4 v00000288ef0d63c0_0;
    %cmpi/e 1, 0, 1;
    %jmp/0xz  T_0.0, 4;
    %load/vec4 v00000288ef0daac0_0;
    %store/vec4 v00000288ef1256b0_0, 0, 1;
    %jmp T_0.1;
T_0.0 ;
    %load/vec4 v00000288ef125610_0;
    %store/vec4 v00000288ef1256b0_0, 0, 1;
T_0.1 ;
    %jmp T_0;
    .thread T_0, $push;
    .scope S_00000288ef1252f0;
T_1 ;
    %vpi_call/w 3 13 "$dumpfile", "sel.vcd" {0 0 0};
    %vpi_call/w 3 14 "$dumpvars", 32'sb00000000000000000000000000000000, S_00000288ef125480 {0 0 0};
    %pushi/vec4 1, 0, 1;
    %store/vec4 v00000288ef0d6460_0, 0, 1;
    %pushi/vec4 0, 0, 1;
    %store/vec4 v00000288ef0d6500_0, 0, 1;
    %pushi/vec4 0, 0, 1;
    %store/vec4 v00000288ef0d6640_0, 0, 1;
    %delay 10, 0;
    %pushi/vec4 0, 0, 1;
    %store/vec4 v00000288ef0d6460_0, 0, 1;
    %pushi/vec4 1, 0, 1;
    %store/vec4 v00000288ef0d6500_0, 0, 1;
    %pushi/vec4 0, 0, 1;
    %store/vec4 v00000288ef0d6640_0, 0, 1;
    %delay 10, 0;
    %pushi/vec4 1, 0, 1;
    %store/vec4 v00000288ef0d6460_0, 0, 1;
    %pushi/vec4 0, 0, 1;
    %store/vec4 v00000288ef0d6500_0, 0, 1;
    %pushi/vec4 1, 0, 1;
    %store/vec4 v00000288ef0d6640_0, 0, 1;
    %delay 10, 0;
    %pushi/vec4 0, 0, 1;
    %store/vec4 v00000288ef0d6460_0, 0, 1;
    %pushi/vec4 1, 0, 1;
    %store/vec4 v00000288ef0d6500_0, 0, 1;
    %pushi/vec4 1, 0, 1;
    %store/vec4 v00000288ef0d6640_0, 0, 1;
    %delay 10, 0;
    %vpi_call/w 3 31 "$finish" {0 0 0};
    %end;
    .thread T_1;
# The file index is used to find the file name in the following table.
:file_names 4;
    "N/A";
    "<interactive>";
    "-";
    "sel.v";
